app/build/intermediates/manifest_merge_blame_file/release/manifest-merger-blame-release-report.txt
1<?xml version="1.0" encoding="utf-8"?>
2<manifest xmlns:android="http://schemas.android.com/apk/res/android"
3    package="com.example.sampleactivity"
4    android:versionCode="1"
5    android:versionName="1.0" >
6
7    <uses-sdk
8        android:minSdkVersion="18"
8-->src\main\AndroidManifest.xml
9        android:targetSdkVersion="29" />
9-->src\main\AndroidManifest.xml
10
11    <uses-permission android:name="android.permission.INTERNET" />
11-->src\main\AndroidManifest.xml:6:5-67
11-->src\main\AndroidManifest.xml:6:22-64
12    <uses-permission android:name="android.permission.TYPE_APPLICATION_OVERLAY" />
12-->src\main\AndroidManifest.xml:7:5-83
12-->src\main\AndroidManifest.xml:7:22-80
13    <uses-permission android:name="android.permission.ACCESS_NETWORK_STATE" />
13-->[com.pierfrancescosoffritti.androidyoutubeplayer:core:10.0.3] AndroidManifest.xml:12:5-79
13-->[com.pierfrancescosoffritti.androidyoutubeplayer:core:10.0.3] AndroidManifest.xml:12:22-76
14    <uses-permission android:name="android.permission.WAKE_LOCK" />
14-->[com.google.android.gms:play-services-measurement-sdk-api:17.1.0] AndroidManifest.xml:25:5-68
14-->[com.google.android.gms:play-services-measurement-sdk-api:17.1.0] AndroidManifest.xml:25:22-65
15
16    <application
16-->src\main\AndroidManifest.xml:9:5-39:19
17        android:allowBackup="true"
17-->src\main\AndroidManifest.xml:10:9-35
18        android:appComponentFactory="androidx.core.app.CoreComponentFactory"
18-->[androidx.core:core:1.1.0] AndroidManifest.xml:24:18-86
19        android:icon="@drawable/app_icon"
19-->src\main\AndroidManifest.xml:11:9-42
20        android:label="@string/app_name"
20-->src\main\AndroidManifest.xml:12:9-41
21        android:roundIcon="@mipmap/ic_launcher_round"
21-->src\main\AndroidManifest.xml:13:9-54
22        android:supportsRtl="true"
22-->src\main\AndroidManifest.xml:14:9-35
23        android:theme="@style/AppTheme.NoActionBar" >
23-->src\main\AndroidManifest.xml:15:9-52
24        <activity
24-->src\main\AndroidManifest.xml:18:9-25:20
25            android:name="io.swnomad.btsplayer.PipActivity"
25-->src\main\AndroidManifest.xml:19:13-40
26            android:configChanges="orientation|screenSize|keyboardHidden|smallestScreenSize|screenLayout"
26-->src\main\AndroidManifest.xml:20:13-106
27            android:hardwareAccelerated="true"
27-->src\main\AndroidManifest.xml:21:13-47
28            android:resizeableActivity="true"
28-->src\main\AndroidManifest.xml:22:13-46
29            android:supportsPictureInPicture="true"
29-->src\main\AndroidManifest.xml:23:13-52
30            android:theme="@style/Theme.AppCompat.Light.NoActionBar" >
30-->src\main\AndroidManifest.xml:24:13-69
31        </activity>
32        <activity
32-->src\main\AndroidManifest.xml:27:9-33:20
33            android:name="io.swnomad.btsplayer.MainActivity"
33-->src\main\AndroidManifest.xml:27:19-47
34            android:theme="@style/Theme.AppCompat.Light.NoActionBar" >
34-->src\main\AndroidManifest.xml:28:13-69
35            <intent-filter>
35-->src\main\AndroidManifest.xml:29:13-32:29
36                <action android:name="android.intent.action.MAIN" />
36-->src\main\AndroidManifest.xml:30:17-69
36-->src\main\AndroidManifest.xml:30:25-66
37
38                <category android:name="android.intent.category.LAUNCHER" />
38-->src\main\AndroidManifest.xml:31:17-77
38-->src\main\AndroidManifest.xml:31:27-74
39            </intent-filter>
40        </activity>
41
42        <meta-data
42-->src\main\AndroidManifest.xml:35:9-37:45
43            android:name="com.google.android.gms.ads.APPLICATION_ID"
43-->src\main\AndroidManifest.xml:36:13-69
44            android:value="@string/app_id" />
44-->src\main\AndroidManifest.xml:37:13-43
45
46        <!-- Include the AdActivity and InAppPurchaseActivity configChanges and themes. -->
47        <activity
47-->[com.google.android.gms:play-services-ads-lite:19.1.0] AndroidManifest.xml:29:9-33:64
48            android:name="com.google.android.gms.ads.AdActivity"
48-->[com.google.android.gms:play-services-ads-lite:19.1.0] AndroidManifest.xml:30:13-65
49            android:configChanges="keyboard|keyboardHidden|orientation|screenLayout|uiMode|screenSize|smallestScreenSize"
49-->[com.google.android.gms:play-services-ads-lite:19.1.0] AndroidManifest.xml:31:13-122
50            android:exported="false"
50-->[com.google.android.gms:play-services-ads-lite:19.1.0] AndroidManifest.xml:32:13-37
51            android:theme="@android:style/Theme.Translucent" />
51-->[com.google.android.gms:play-services-ads-lite:19.1.0] AndroidManifest.xml:33:13-61
52
53        <provider
53-->[com.google.android.gms:play-services-ads-lite:19.1.0] AndroidManifest.xml:35:9-39:39
54            android:name="com.google.android.gms.ads.MobileAdsInitProvider"
54-->[com.google.android.gms:play-services-ads-lite:19.1.0] AndroidManifest.xml:36:13-76
55            android:authorities="com.example.sampleactivity.mobileadsinitprovider"
55-->[com.google.android.gms:play-services-ads-lite:19.1.0] AndroidManifest.xml:37:13-73
56            android:exported="false"
56-->[com.google.android.gms:play-services-ads-lite:19.1.0] AndroidManifest.xml:38:13-37
57            android:initOrder="100" />
57-->[com.google.android.gms:play-services-ads-lite:19.1.0] AndroidManifest.xml:39:13-36
58
59        <meta-data
59-->[com.google.android.gms:play-services-basement:17.0.0] AndroidManifest.xml:23:9-25:69
60            android:name="com.google.android.gms.version"
60-->[com.google.android.gms:play-services-basement:17.0.0] AndroidManifest.xml:24:13-58
61            android:value="@integer/google_play_services_version" />
61-->[com.google.android.gms:play-services-basement:17.0.0] AndroidManifest.xml:25:13-66
62    </application>
63
64</manifest>